  lexicalanalysis.cpp
h:\vs 项目\lexicalanalysis\lexicalanalysis\nfanode.h(73): warning C4018: “<”: 有符号/无符号不匹配
h:\vs 项目\lexicalanalysis\lexicalanalysis\dfanode.h(56): warning C4018: “<”: 有符号/无符号不匹配
h:\vs 项目\lexicalanalysis\lexicalanalysis\dfanode.h(66): warning C4018: “<”: 有符号/无符号不匹配
h:\vs 项目\lexicalanalysis\lexicalanalysis\dfanode.h(69): warning C4018: “<”: 有符号/无符号不匹配
h:\vs 项目\lexicalanalysis\lexicalanalysis\dfanode.h(82): warning C4018: “<”: 有符号/无符号不匹配
h:\vs 项目\lexicalanalysis\lexicalanalysis\dfanode.h(83): warning C4018: “<”: 有符号/无符号不匹配
h:\vs 项目\lexicalanalysis\lexicalanalysis\dfanode.h(87): warning C4018: “<”: 有符号/无符号不匹配
h:\vs 项目\lexicalanalysis\lexicalanalysis\dfanode.h(98): warning C4018: “<”: 有符号/无符号不匹配
h:\vs 项目\lexicalanalysis\lexicalanalysis\dfanode.h(100): warning C4018: “<”: 有符号/无符号不匹配
h:\vs 项目\lexicalanalysis\lexicalanalysis\dfanode.h(119): warning C4018: “<”: 有符号/无符号不匹配
h:\vs 项目\lexicalanalysis\lexicalanalysis\dfanode.h(128): warning C4018: “<”: 有符号/无符号不匹配
h:\vs 项目\lexicalanalysis\lexicalanalysis\dfanode.h(147): warning C4018: “<”: 有符号/无符号不匹配
h:\vs 项目\lexicalanalysis\lexicalanalysis\dfanode.h(172): warning C4018: “<”: 有符号/无符号不匹配
h:\vs 项目\lexicalanalysis\lexicalanalysis\dfanode.h(174): warning C4018: “<”: 有符号/无符号不匹配
h:\vs 项目\lexicalanalysis\lexicalanalysis\dfanode.h(197): warning C4018: “<”: 有符号/无符号不匹配
h:\vs 项目\lexicalanalysis\lexicalanalysis\dfanode.h(201): warning C4018: “<”: 有符号/无符号不匹配
h:\vs 项目\lexicalanalysis\lexicalanalysis\dfanode.h(206): warning C4018: “<”: 有符号/无符号不匹配
h:\vs 项目\lexicalanalysis\lexicalanalysis\dfanode.h(208): warning C4018: “<”: 有符号/无符号不匹配
h:\vs 项目\lexicalanalysis\lexicalanalysis\dfanode.h(221): warning C4018: “<”: 有符号/无符号不匹配
h:\vs 项目\lexicalanalysis\lexicalanalysis\dfanode.h(224): warning C4018: “<”: 有符号/无符号不匹配
h:\vs 项目\lexicalanalysis\lexicalanalysis\dfanode.h(229): warning C4018: “<”: 有符号/无符号不匹配
h:\vs 项目\lexicalanalysis\lexicalanalysis\dfanode.h(231): warning C4018: “<”: 有符号/无符号不匹配
h:\vs 项目\lexicalanalysis\lexicalanalysis\dfanode.h(252): warning C4018: “<”: 有符号/无符号不匹配
h:\vs 项目\lexicalanalysis\lexicalanalysis\dfanode.h(259): warning C4018: “<”: 有符号/无符号不匹配
h:\vs 项目\lexicalanalysis\lexicalanalysis\dfanode.h(262): warning C4018: “<”: 有符号/无符号不匹配
h:\vs 项目\lexicalanalysis\lexicalanalysis\dfanode.h(267): warning C4018: “<”: 有符号/无符号不匹配
h:\vs 项目\lexicalanalysis\lexicalanalysis\dfanode.h(295): warning C4018: “<”: 有符号/无符号不匹配
h:\vs 项目\lexicalanalysis\lexicalanalysis\dfanode.h(296): warning C4018: “<”: 有符号/无符号不匹配
h:\vs 项目\lexicalanalysis\lexicalanalysis\dfanode.h(315): warning C4018: “<”: 有符号/无符号不匹配
h:\vs 项目\lexicalanalysis\lexicalanalysis\dfanode.h(316): warning C4018: “<”: 有符号/无符号不匹配
h:\vs 项目\lexicalanalysis\lexicalanalysis\dfanode.h(320): warning C4018: “<”: 有符号/无符号不匹配
h:\vs 项目\lexicalanalysis\lexicalanalysis\dfanode.h(331): warning C4018: “<”: 有符号/无符号不匹配
h:\vs 项目\lexicalanalysis\lexicalanalysis\dfanode.h(333): warning C4018: “<”: 有符号/无符号不匹配
h:\vs 项目\lexicalanalysis\lexicalanalysis\dfanode.h(352): warning C4018: “<”: 有符号/无符号不匹配
h:\vs 项目\lexicalanalysis\lexicalanalysis\dfanode.h(372): warning C4018: “<”: 有符号/无符号不匹配
h:\vs 项目\lexicalanalysis\lexicalanalysis\dfanode.h(409): warning C4018: “<”: 有符号/无符号不匹配
h:\vs 项目\lexicalanalysis\lexicalanalysis\dfanode.h(429): warning C4018: “<”: 有符号/无符号不匹配
h:\vs 项目\lexicalanalysis\lexicalanalysis\dfanode.h(445): warning C4018: “<”: 有符号/无符号不匹配
h:\vs 项目\lexicalanalysis\lexicalanalysis\dfanode.h(453): warning C4018: “<”: 有符号/无符号不匹配
h:\vs 项目\lexicalanalysis\lexicalanalysis\dfanode.h(462): warning C4018: “<”: 有符号/无符号不匹配
h:\vs 项目\lexicalanalysis\lexicalanalysis\dfanode.h(464): warning C4018: “<”: 有符号/无符号不匹配
h:\vs 项目\lexicalanalysis\lexicalanalysis\dfanode.h(472): warning C4018: “<”: 有符号/无符号不匹配
h:\vs 项目\lexicalanalysis\lexicalanalysis\lexicalanalysis.cpp(15): warning C4018: “<”: 有符号/无符号不匹配
h:\vs 项目\lexicalanalysis\lexicalanalysis\lexicalanalysis.cpp(41): warning C4018: “<”: 有符号/无符号不匹配
h:\vs 项目\lexicalanalysis\lexicalanalysis\lexicalanalysis.cpp(100): warning C4018: “<”: 有符号/无符号不匹配
  lexicalanalysis.vcxproj -> H:\VS 项目\lexicalanalysis\Debug\lexicalanalysis.exe
